mode: set
learngo/container/nonrepeating/nonrepeating.go:5.44,10.31 4 1
learngo/container/nonrepeating/nonrepeating.go:20.2,20.18 1 1
learngo/container/nonrepeating/nonrepeating.go:10.31,11.57 1 1
learngo/container/nonrepeating/nonrepeating.go:14.3,14.32 1 1
learngo/container/nonrepeating/nonrepeating.go:17.3,17.22 1 1
learngo/container/nonrepeating/nonrepeating.go:11.57,13.4 1 1
learngo/container/nonrepeating/nonrepeating.go:14.32,16.4 1 1
learngo/container/nonrepeating/nonrepeating.go:23.13,32.2 1 0
